{"/Users/karishmagolani/Documents/personal/string-calculator/src/utils/stringCalculator.ts": {"path":"/Users/karishmagolani/Documents/personal/string-calculator/src/utils/stringCalculator.ts","all":false,"statementMap":{"0":{"start":{"line":1,"column":0},"end":{"line":1,"column":46}},"1":{"start":{"line":2,"column":0},"end":{"line":2,"column":31}},"2":{"start":{"line":3,"column":0},"end":{"line":3,"column":36}},"3":{"start":{"line":4,"column":0},"end":{"line":4,"column":30}},"4":{"start":{"line":5,"column":0},"end":{"line":5,"column":1}}},"s":{"0":1,"1":2,"2":1,"3":2,"4":2},"branchMap":{"0":{"type":"branch","line":1,"loc":{"start":{"line":1,"column":7},"end":{"line":5,"column":1}},"locations":[{"start":{"line":1,"column":7},"end":{"line":5,"column":1}}]},"1":{"type":"branch","line":2,"loc":{"start":{"line":2,"column":22},"end":{"line":4,"column":22}},"locations":[{"start":{"line":2,"column":22},"end":{"line":4,"column":22}}]},"2":{"type":"branch","line":4,"loc":{"start":{"line":4,"column":19},"end":{"line":4,"column":23}},"locations":[{"start":{"line":4,"column":19},"end":{"line":4,"column":23}}]},"3":{"type":"branch","line":4,"loc":{"start":{"line":4,"column":23},"end":{"line":4,"column":29}},"locations":[{"start":{"line":4,"column":23},"end":{"line":4,"column":29}}]}},"b":{"0":[2],"1":[1],"2":[0],"3":[1]},"fnMap":{"0":{"name":"add","decl":{"start":{"line":1,"column":7},"end":{"line":5,"column":1}},"loc":{"start":{"line":1,"column":7},"end":{"line":5,"column":1}},"line":1}},"f":{"0":2}}
}
