{"/Users/karishmagolani/Documents/personal/string-calculator/src/utils/stringCalculator.ts": {"path":"/Users/karishmagolani/Documents/personal/string-calculator/src/utils/stringCalculator.ts","all":false,"statementMap":{"0":{"start":{"line":1,"column":0},"end":{"line":1,"column":46}},"1":{"start":{"line":2,"column":0},"end":{"line":2,"column":31}},"2":{"start":{"line":3,"column":0},"end":{"line":3,"column":31}},"3":{"start":{"line":4,"column":0},"end":{"line":4,"column":26}},"4":{"start":{"line":5,"column":0},"end":{"line":5,"column":0}},"5":{"start":{"line":6,"column":0},"end":{"line":6,"column":33}},"6":{"start":{"line":7,"column":0},"end":{"line":7,"column":52}},"7":{"start":{"line":8,"column":0},"end":{"line":8,"column":68}},"8":{"start":{"line":9,"column":0},"end":{"line":9,"column":58}},"9":{"start":{"line":10,"column":0},"end":{"line":10,"column":57}},"10":{"start":{"line":11,"column":0},"end":{"line":11,"column":3}},"11":{"start":{"line":12,"column":0},"end":{"line":12,"column":49}},"12":{"start":{"line":13,"column":0},"end":{"line":13,"column":46}},"13":{"start":{"line":14,"column":0},"end":{"line":14,"column":46}},"14":{"start":{"line":15,"column":0},"end":{"line":15,"column":29}},"15":{"start":{"line":16,"column":0},"end":{"line":16,"column":76}},"16":{"start":{"line":17,"column":0},"end":{"line":17,"column":3}},"17":{"start":{"line":18,"column":0},"end":{"line":18,"column":51}},"18":{"start":{"line":19,"column":0},"end":{"line":19,"column":1}}},"s":{"0":1,"1":7,"2":6,"3":6,"4":6,"5":7,"6":1,"7":1,"8":1,"9":1,"10":1,"11":6,"12":6,"13":6,"14":7,"15":1,"16":1,"17":5,"18":5},"branchMap":{"0":{"type":"branch","line":1,"loc":{"start":{"line":1,"column":7},"end":{"line":19,"column":1}},"locations":[{"start":{"line":1,"column":7},"end":{"line":19,"column":1}}]},"1":{"type":"branch","line":2,"loc":{"start":{"line":2,"column":22},"end":{"line":2,"column":31}},"locations":[{"start":{"line":2,"column":22},"end":{"line":2,"column":31}}]},"2":{"type":"branch","line":2,"loc":{"start":{"line":2,"column":30},"end":{"line":6,"column":32}},"locations":[{"start":{"line":2,"column":30},"end":{"line":6,"column":32}}]},"3":{"type":"branch","line":6,"loc":{"start":{"line":6,"column":32},"end":{"line":11,"column":3}},"locations":[{"start":{"line":6,"column":32},"end":{"line":11,"column":3}}]},"4":{"type":"branch","line":11,"loc":{"start":{"line":11,"column":2},"end":{"line":15,"column":28}},"locations":[{"start":{"line":11,"column":2},"end":{"line":15,"column":28}}]},"5":{"type":"branch","line":15,"loc":{"start":{"line":15,"column":28},"end":{"line":17,"column":3}},"locations":[{"start":{"line":15,"column":28},"end":{"line":17,"column":3}}]},"6":{"type":"branch","line":17,"loc":{"start":{"line":17,"column":2},"end":{"line":19,"column":1}},"locations":[{"start":{"line":17,"column":2},"end":{"line":19,"column":1}}]},"7":{"type":"branch","line":13,"loc":{"start":{"line":13,"column":26},"end":{"line":13,"column":45}},"locations":[{"start":{"line":13,"column":26},"end":{"line":13,"column":45}}]},"8":{"type":"branch","line":14,"loc":{"start":{"line":14,"column":32},"end":{"line":14,"column":45}},"locations":[{"start":{"line":14,"column":32},"end":{"line":14,"column":45}}]},"9":{"type":"branch","line":18,"loc":{"start":{"line":18,"column":21},"end":{"line":18,"column":48}},"locations":[{"start":{"line":18,"column":21},"end":{"line":18,"column":48}}]}},"b":{"0":[7],"1":[1],"2":[6],"3":[1],"4":[6],"5":[1],"6":[5],"7":[16],"8":[16],"9":[12]},"fnMap":{"0":{"name":"add","decl":{"start":{"line":1,"column":7},"end":{"line":19,"column":1}},"loc":{"start":{"line":1,"column":7},"end":{"line":19,"column":1}},"line":1}},"f":{"0":7}}
}
